d:\users\oliver\documents\github\cplusplus\cplus\new assignment template\engine\engine\debug\vc140.pdb
d:\users\oliver\documents\github\cplusplus\cplus\new assignment template\engine\engine\debug\vc140.idb
d:\users\oliver\documents\github\cplusplus\cplus\new assignment template\engine\engine\debug\bumpmapshaderclass.obj
d:\users\oliver\documents\github\cplusplus\cplus\new assignment template\engine\engine\debug\bumpmodelclass.obj
d:\users\oliver\documents\github\cplusplus\cplus\new assignment template\engine\engine\debug\cameraclass.obj
d:\users\oliver\documents\github\cplusplus\cplus\new assignment template\engine\engine\debug\d3dclass.obj
d:\users\oliver\documents\github\cplusplus\cplus\new assignment template\engine\engine\debug\ddstextureloader.obj
d:\users\oliver\documents\github\cplusplus\cplus\new assignment template\engine\engine\debug\graphicsclass.obj
d:\users\oliver\documents\github\cplusplus\cplus\new assignment template\engine\engine\debug\inputclass.obj
d:\users\oliver\documents\github\cplusplus\cplus\new assignment template\engine\engine\debug\lightclass.obj
d:\users\oliver\documents\github\cplusplus\cplus\new assignment template\engine\engine\debug\lightshaderclass.obj
d:\users\oliver\documents\github\cplusplus\cplus\new assignment template\engine\engine\debug\main.obj
d:\users\oliver\documents\github\cplusplus\cplus\new assignment template\engine\engine\debug\modelclass.obj
d:\users\oliver\documents\github\cplusplus\cplus\new assignment template\engine\engine\debug\positionclass.obj
d:\users\oliver\documents\github\cplusplus\cplus\new assignment template\engine\engine\debug\shadermanagerclass.obj
d:\users\oliver\documents\github\cplusplus\cplus\new assignment template\engine\engine\debug\systemclass.obj
d:\users\oliver\documents\github\cplusplus\cplus\new assignment template\engine\engine\debug\textureclass.obj
d:\users\oliver\documents\github\cplusplus\cplus\new assignment template\engine\engine\debug\textureshaderclass.obj
d:\users\oliver\documents\github\cplusplus\cplus\new assignment template\engine\engine\debug\timerclass.obj
d:\users\oliver\documents\github\cplusplus\cplus\new assignment template\engine\engine\debug\vehiclespawner.obj
d:\users\oliver\documents\github\cplusplus\cplus\new assignment template\engine\engine\debug\vc141.pdb
d:\users\oliver\documents\github\cplusplus\cplus\new assignment template\engine\engine\debug\vc141.idb
d:\users\oliver\documents\github\cplusplus\cplus\new assignment template\engine\engine\debug\planetspawner.obj
d:\users\oliver\documents\github\cplusplus\cplus\new assignment template\engine\engine\debug\particleshaderclass.obj
d:\users\oliver\documents\github\cplusplus\cplus\new assignment template\engine\engine\debug\particlesystemclass.obj
d:\users\oliver\documents\github\cplusplus\cplus\new assignment template\engine\debug\engine.exe
d:\users\oliver\documents\github\cplusplus\cplus\new assignment template\engine\debug\engine.ilk
d:\users\oliver\documents\github\cplusplus\cplus\new assignment template\engine\debug\engine.pdb
d:\users\oliver\documents\github\cplusplus\cplus\new assignment template\engine\engine\debug\objfileconverter.obj
d:\users\oliver\documents\github\cplusplus\cplus\new assignment template\engine\engine\debug\engine.res
d:\users\oliver\documents\github\cplusplus\cplus\new assignment template\engine\engine\debug\engine.tlog\cl.command.1.tlog
d:\users\oliver\documents\github\cplusplus\cplus\new assignment template\engine\engine\debug\engine.tlog\cl.read.1.tlog
d:\users\oliver\documents\github\cplusplus\cplus\new assignment template\engine\engine\debug\engine.tlog\cl.write.1.tlog
d:\users\oliver\documents\github\cplusplus\cplus\new assignment template\engine\engine\debug\engine.tlog\link.command.1.tlog
d:\users\oliver\documents\github\cplusplus\cplus\new assignment template\engine\engine\debug\engine.tlog\link.read.1.tlog
d:\users\oliver\documents\github\cplusplus\cplus\new assignment template\engine\engine\debug\engine.tlog\link.write.1.tlog
d:\users\oliver\documents\github\cplusplus\cplus\new assignment template\engine\engine\debug\engine.tlog\rc.command.1.tlog
d:\users\oliver\documents\github\cplusplus\cplus\new assignment template\engine\engine\debug\engine.tlog\rc.read.1.tlog
d:\users\oliver\documents\github\cplusplus\cplus\new assignment template\engine\engine\debug\engine.tlog\rc.write.1.tlog
